<?xml version="1.0" encoding="UTF-8"?>
<!-- Generated by org.testng.reporters.JUnitReportReporter -->
<testsuite hostname="LAPTOP-RGN3DGNM" failures="0" tests="2" name="testng.AnnotationAttributes" time="7.068" errors="0" timestamp="2025-05-10T11:26:45 IST" skipped="0">
  <testcase classname="testng.AnnotationAttributes" name="register" time="4.065">
    <system-out>
      <![CDATA[register testcase executed]]>
    </system-out>
  </testcase> <!-- register -->
  <testcase classname="testng.AnnotationAttributes" name="login" time="3.003">
    <system-out>
      <![CDATA[login testcase executed]]>
    </system-out>
  </testcase> <!-- login -->
  <system-out>
    <![CDATA[register testcase executed
login testcase executed]]>
  </system-out>
</testsuite> <!-- testng.AnnotationAttributes -->
