<?xml version="1.0" encoding="UTF-8"?>
<!-- Generated by org.testng.reporters.JUnitReportReporter -->
<testsuite hostname="LAPTOP-RGN3DGNM" failures="0" tests="1" name="testng.Benz" time="5.525" errors="0" timestamp="2025-05-10T12:45:03 IST" skipped="0">
  <testcase classname="testng.Benz" name="launch" time="5.525">
    <system-out>
      <![CDATA[Benz launched]]>
    </system-out>
  </testcase> <!-- launch -->
  <system-out>
    <![CDATA[Benz launched
Ferrari launched]]>
  </system-out>
</testsuite> <!-- testng.Benz -->
