<?xml version="1.0" encoding="UTF-8"?>
<!-- Generated by org.testng.reporters.JUnitReportReporter -->
<testsuite hostname="LAPTOP-RGN3DGNM" failures="0" tests="4" name="assertion.UtilizeDataFromDataStorage" time="5.104" errors="0" timestamp="2025-05-17T12:35:21 IST" skipped="0">
  <testcase classname="assertion.UtilizeDataFromDataStorage" name="login" time="1.145"/>
  <testcase classname="assertion.UtilizeDataFromDataStorage" name="login" time="1.168"/>
  <testcase classname="assertion.UtilizeDataFromDataStorage" name="login" time="1.709"/>
  <testcase classname="assertion.UtilizeDataFromDataStorage" name="login" time="1.082"/>
</testsuite> <!-- assertion.UtilizeDataFromDataStorage -->
