<?xml version="1.0" encoding="UTF-8"?>
<!-- Generated by org.testng.reporters.JUnitReportReporter -->
<testsuite hostname="LAPTOP-RGN3DGNM" failures="0" tests="5" name="testng.InvocationCount" time="19.544" errors="0" timestamp="2025-05-10T11:34:05 IST" skipped="0">
  <testcase classname="testng.InvocationCount" name="register" time="3.844">
    <system-out>
      <![CDATA[register testcase executed]]>
    </system-out>
  </testcase> <!-- register -->
  <testcase classname="testng.InvocationCount" name="register" time="3.953">
    <system-out>
      <![CDATA[register testcase executed]]>
    </system-out>
  </testcase> <!-- register -->
  <testcase classname="testng.InvocationCount" name="register" time="3.785">
    <system-out>
      <![CDATA[register testcase executed]]>
    </system-out>
  </testcase> <!-- register -->
  <testcase classname="testng.InvocationCount" name="register" time="4.021">
    <system-out>
      <![CDATA[register testcase executed]]>
    </system-out>
  </testcase> <!-- register -->
  <testcase classname="testng.InvocationCount" name="login" time="3.941">
    <system-out>
      <![CDATA[login testcase executed]]>
    </system-out>
  </testcase> <!-- login -->
  <system-out>
    <![CDATA[register testcase executed
register testcase executed
register testcase executed
register testcase executed
login testcase executed]]>
  </system-out>
</testsuite> <!-- testng.InvocationCount -->
