<?xml version="1.0" encoding="UTF-8"?>
<!-- Generated by org.testng.reporters.JUnitReportReporter -->
<testsuite hostname="LAPTOP-RGN3DGNM" failures="0" tests="1" name="testng.TestScript_2" time="3.814" errors="0" timestamp="2025-05-10T16:05:39 IST" skipped="0">
  <testcase classname="testng.TestScript_2" name="clickOnComputersLink" time="3.814">
    <system-out>
      <![CDATA[Computers page is Displayed]]>
    </system-out>
  </testcase> <!-- clickOnComputersLink -->
  <system-out>
    <![CDATA[Electronics page is displayed
Books page is displayed
Computers page is Displayed]]>
  </system-out>
</testsuite> <!-- testng.TestScript_2 -->
