<?xml version="1.0" encoding="UTF-8"?>
<!-- Generated by org.testng.reporters.JUnitReportReporter -->
<testsuite hostname="LAPTOP-RGN3DGNM" failures="0" tests="1" name="testng.TolearnTestNG" time="0.006" errors="0" timestamp="2025-05-10T11:20:11 IST" skipped="0">
  <testcase classname="testng.TolearnTestNG" name="demo" time="0.006">
    <system-out>
      <![CDATA[Welcome to TestNG]]>
    </system-out>
  </testcase> <!-- demo -->
  <system-out>
    <![CDATA[Welcome to TestNG]]>
  </system-out>
</testsuite> <!-- testng.TolearnTestNG -->
