<?xml version="1.0" encoding="UTF-8"?>
<!-- Generated by org.testng.reporters.JUnitReportReporter -->
<testsuite hostname="LAPTOP-RGN3DGNM" failures="0" tests="1" name="testng.TestScript_1" time="3.837" errors="0" timestamp="2025-05-10T16:05:39 IST" skipped="0">
  <testcase classname="testng.TestScript_1" name="clickOnBooks" time="3.837">
    <system-out>
      <![CDATA[Books page is displayed]]>
    </system-out>
  </testcase> <!-- clickOnBooks -->
  <system-out>
    <![CDATA[Electronics page is displayed
Books page is displayed
Computers page is Displayed]]>
  </system-out>
</testsuite> <!-- testng.TestScript_1 -->
