<?xml version="1.0" encoding="UTF-8"?>
<!-- Generated by org.testng.reporters.JUnitReportReporter -->
<testsuite hostname="LAPTOP-RGN3DGNM" failures="0" tests="2" name="testng.ConfigurationAnnotation" time="0.018" errors="0" timestamp="2025-05-10T15:19:17 IST" skipped="0">
  <testcase classname="testng.ConfigurationAnnotation" name="sample" time="0.004">
    <system-out>
      <![CDATA[@Test(sample) executed]]>
    </system-out>
  </testcase> <!-- sample -->
  <testcase classname="testng.ConfigurationAnnotation" name="demo" time="0.014">
    <system-out>
      <![CDATA[@Test(demo) executed]]>
    </system-out>
  </testcase> <!-- demo -->
  <system-out>
    <![CDATA[@BeforeSuite
@BeforeTest
@BeforeClass
@BeforeMethod
@Test(demo) executed
@AfterMethod
@BeforeMethod
@Test(sample) executed
@AfterMethod
@AfterClass
@AfterTest
@AfterSuite]]>
  </system-out>
</testsuite> <!-- testng.ConfigurationAnnotation -->
