<?xml version="1.0" encoding="UTF-8"?>
<!-- Generated by org.testng.reporters.JUnitReportReporter -->
<testsuite hostname="LAPTOP-RGN3DGNM" failures="0" tests="4" name="assertion.ToLearnDataProvider" time="5.420" errors="0" timestamp="2025-05-17T12:15:19 IST" skipped="0">
  <testcase classname="assertion.ToLearnDataProvider" name="login" time="1.149"/>
  <testcase classname="assertion.ToLearnDataProvider" name="login" time="1.130"/>
  <testcase classname="assertion.ToLearnDataProvider" name="login" time="2.087"/>
  <testcase classname="assertion.ToLearnDataProvider" name="login" time="1.054"/>
</testsuite> <!-- assertion.ToLearnDataProvider -->
