<?xml version="1.0" encoding="UTF-8"?>
<!-- Generated by org.testng.reporters.JUnitReportReporter -->
<testsuite hostname="LAPTOP-RGN3DGNM" failures="0" tests="1" name="assertion.ToLearnHardAssert" time="5.289" errors="0" timestamp="2025-05-17T11:09:25 IST" skipped="0">
  <testcase classname="assertion.ToLearnHardAssert" name="login" time="5.289">
    <system-out>
      <![CDATA[Home page is displayed]]>
    </system-out>
  </testcase> <!-- login -->
  <system-out>
    <![CDATA[Home page is displayed]]>
  </system-out>
</testsuite> <!-- assertion.ToLearnHardAssert -->
