<?xml version="1.0" encoding="UTF-8"?>
<!-- Generated by org.testng.reporters.JUnitReportReporter -->
<testsuite hostname="LAPTOP-RGN3DGNM" failures="0" tests="5" name="testng.AnnotationAttributesEnabledFalse" time="21.733" errors="0" timestamp="2025-05-10T11:50:35 IST" skipped="1">
  <testcase classname="testng.AnnotationAttributesEnabledFalse" name="register" time="5.451">
    <system-out>
      <![CDATA[register testcase executed]]>
    </system-out>
  </testcase> <!-- register -->
  <testcase classname="testng.AnnotationAttributesEnabledFalse" name="register" time="5.408">
    <system-out>
      <![CDATA[register testcase executed]]>
    </system-out>
  </testcase> <!-- register -->
  <testcase classname="testng.AnnotationAttributesEnabledFalse" name="register" time="5.423">
    <system-out>
      <![CDATA[register testcase executed]]>
    </system-out>
  </testcase> <!-- register -->
  <testcase classname="testng.AnnotationAttributesEnabledFalse" name="register" time="5.451">
    <system-out>
      <![CDATA[register testcase executed]]>
    </system-out>
  </testcase> <!-- register -->
  <testcase classname="testng.AnnotationAttributesEnabledFalse" name="login">
    <skipped/>
  </testcase> <!-- login -->
  <system-out>
    <![CDATA[register testcase executed
register testcase executed
register testcase executed
register testcase executed]]>
  </system-out>
</testsuite> <!-- testng.AnnotationAttributesEnabledFalse -->
