<?xml version="1.0" encoding="UTF-8"?>
<!-- Generated by org.testng.reporters.JUnitReportReporter -->
<testsuite hostname="LAPTOP-RGN3DGNM" failures="0" tests="1" name="testng.Rollsroyces" time="8.993" errors="0" timestamp="2025-05-10T12:32:21 IST" skipped="0">
  <testcase classname="testng.Rollsroyces" name="launch" time="8.993">
    <system-out>
      <![CDATA[Rollsroyces launched]]>
    </system-out>
  </testcase> <!-- launch -->
  <system-out>
    <![CDATA[Lambargani launched
Ferrari launched
Benz launched
Tata launched
Rollsroyces launched]]>
  </system-out>
</testsuite> <!-- testng.Rollsroyces -->
