<?xml version="1.0" encoding="UTF-8"?>
<!-- Generated by org.testng.reporters.JUnitReportReporter -->
<testsuite hostname="LAPTOP-RGN3DGNM" failures="0" tests="4" name="testng.AnnotationAttributesThreadPoolSize" time="16.068" errors="0" timestamp="2025-05-10T11:41:42 IST" skipped="0">
  <testcase classname="testng.AnnotationAttributesThreadPoolSize" name="register" time="4.746">
    <system-out>
      <![CDATA[register testcase executed]]>
    </system-out>
  </testcase> <!-- register -->
  <testcase classname="testng.AnnotationAttributesThreadPoolSize" name="register" time="2.672">
    <system-out>
      <![CDATA[register testcase executed]]>
    </system-out>
  </testcase> <!-- register -->
  <testcase classname="testng.AnnotationAttributesThreadPoolSize" name="register" time="3.947">
    <system-out>
      <![CDATA[register testcase executed]]>
    </system-out>
  </testcase> <!-- register -->
  <testcase classname="testng.AnnotationAttributesThreadPoolSize" name="register" time="4.703">
    <system-out>
      <![CDATA[register testcase executed]]>
    </system-out>
  </testcase> <!-- register -->
  <system-out>
    <![CDATA[register testcase executed
register testcase executed
register testcase executed
register testcase executed]]>
  </system-out>
</testsuite> <!-- testng.AnnotationAttributesThreadPoolSize -->
